<?xml version="1.0" encoding="UTF-8"?>
<persistence xmlns="http://xmlns.jcp.org/xml/ns/persistence"
             xmlns:xsi="http://www.w3.org/2001/XMLSchema-instance"
             xsi:schemaLocation="http://xmlns.jcp.org/xml/ns/persistence
             http://xmlns.jcp.org/xml/ns/persistence/persistence_2_1.xsd"
             version="2.1">

    <persistence-unit name="cmd" transaction-type="JTA">
        <provider>org.hibernate.jpa.HibernatePersistenceProvider</provider>
        <jta-data-source>java:/cmd</jta-data-source>
        <class>org.dhbw.mosbach.ai.cmd.model.Collaborator</class>
        <class>org.dhbw.mosbach.ai.cmd.model.Doc</class>
        <class>org.dhbw.mosbach.ai.cmd.model.History</class>
        <class>org.dhbw.mosbach.ai.cmd.model.Repo</class>
        <class>org.dhbw.mosbach.ai.cmd.model.User</class>
        <properties>
            <property name="hibernate.dialect" value="org.hibernate.dialect.H2Dialect"/>
            <property name="hibernate.transaction.manager_lookup_class"
                      value="org.hibernate.transaction.JBossTransactionManagerLookup"/>
            <property name="hibernate.show_sql" value="true"/>
            <property name="hibernate.format_sql" value="true"/>
            <property name="hibernate.generate_statistics" value="true"/>
            <property name="hibernate.cache.use_second_level_cache" value="true" />
            <property name="hibernate.cache.use_query_cache" value="true" />
            <property name="hibernate.hbm2ddl.auto" value="update"/>
        </properties>
    </persistence-unit>
</persistence>
